C51 COMPILER V9.54   MAIN                                                                  07/16/2020 00:07:39 PAGE 1   


C51 COMPILER V9.54, COMPILATION OF MODULE MAIN
OBJECT MODULE PLACED IN .\Objects\main.obj
COMPILER INVOKED BY: D:\Keil_v5\C51\BIN\C51.EXE main.c ROM(SMALL) OPTIMIZE(8,SPEED) BROWSE DEBUG OBJECTEXTEND PRINT(.\Li
                    -stings\main.lst) TABS(2) OBJECT(.\Objects\main.obj)

line level    source

   1          #include "reg52.h"
   2          
   3          sfr P4 = 0xE8;
   4          sbit led32 = P3^7;
   5          
   6          void LightInit(void)
   7          {
   8   1        led32 = 1;
   9   1        P0 = 0xFF;
  10   1        P1 = 0xFF;
  11   1        P2 = 0xFF;
  12   1        P4 = 0x7F;
  13   1      }
  14          
  15          void SetLight(unsigned long dat)
  16          {
  17   1        unsigned char *light = &dat;
  18   1        P0 = ~light[3];
  19   1        P1 = ~light[2];
  20   1        P2 = ~light[1];
  21   1        P4 = ~(light[0]&0x7F);
  22   1        led32 = (light[0]&0x80)==0?1:0; // µÕµÁ∆Ωµ„¡¡
  23   1      }
  24          
  25          void delay(int t)
  26          {
  27   1        int i,j;
  28   1        for(i = 0; i < t; i++)
  29   1          for(j = 0; j < 2000; j++);
  30   1      }
  31          
  32          void main(void)
  33          {
  34   1        int cnt = 0;
  35   1        LightInit();
  36   1        while(1)
  37   1        {
  38   2      //    for(cnt = 0; cnt < 32; cnt++)
  39   2      //    {
  40   2      //      SetLight(0x01lu<<cnt);
  41   2      //      delay(10);
  42   2      //    }
  43   2          SetLight(0b11);
*** ERROR C251 IN LINE 43 OF main.c: illegal octal digit
  44   2        }
  45   1      }

C51 COMPILATION COMPLETE.  0 WARNING(S),  1 ERROR(S)
